GROUP,PACKAGE,CLASS,INSTRUCTION_MISSED,INSTRUCTION_COVERED,BRANCH_MISSED,BRANCH_COVERED,LINE_MISSED,LINE_COVERED,COMPLEXITY_MISSED,COMPLEXITY_COVERED,METHOD_MISSED,METHOD_COVERED
2-Spring-Patient-HospitalManagement,com.cg.service,PatientService,48,3,2,0,11,1,7,1,6,1
2-Spring-Patient-HospitalManagement,com.cg.dto,PatientDTO,24,0,0,0,2,0,2,0,2,0
2-Spring-Patient-HospitalManagement,com.cg,PatientServiceApplication,5,3,0,0,2,1,1,1,1,1
2-Spring-Patient-HospitalManagement,com.cg.controller,PatientController,14,27,2,0,4,6,2,6,1,6
